<?xml version="1.0" encoding="UTF-8"?>
<!-- Generated by org.testng.reporters.JUnitReportReporter -->
<testsuite hostname="DESKTOP-NHNCCK8" failures="0" tests="1" name="com.crypto.symmetric.SymmetricEncryptionTest" time="0.069" errors="0" timestamp="12 Jan 2019 23:32:26 GMT" skipped="0">
  <testcase classname="com.crypto.symmetric.SymmetricEncryptionTest" name="testCreateAESKey" time="0.069"/>
</testsuite> <!-- com.crypto.symmetric.SymmetricEncryptionTest -->
